Failed to render: /home/aemonge/articles/devops/build/git-revert.qmd
Failed to render: /home/aemonge/articles/devops/build/python.qmd
Failed to render: /home/aemonge/articles/databases/sql/file_io.qmd
Failed to render: /home/aemonge/articles/unix/network/networkless_commands.qmd
Failed to render: /home/aemonge/articles/python/funtools/unpacking_literals.qmd
Failed to render: /home/aemonge/articles/python/funtools/partial.qmd
Failed to render: /home/aemonge/articles/python/fastapi/generic_responses.qmd
Failed to render: /home/aemonge/articles/python/unittest/mock_name_attr.qmd
Failed to render: /home/aemonge/articles/python/asyncio/async.qmd
Failed to render: /home/aemonge/articles/python/numpy/downsampling.qmd
Failed to render: /home/aemonge/articles/python/debug/logging.qmd
Failed to render: /home/aemonge/articles/python/performance/annotations.qmd
Failed to render: /home/aemonge/articles/python/performance/timeit.qmd
Failed to render: /home/aemonge/articles/python/performance/build.qmd
Failed to render: /home/aemonge/articles/python/types/dataclass.qmd
Failed to render: /home/aemonge/articles/python/types/diamond_issue.qmd
Failed to render: /home/aemonge/articles/python/types/down-cast.qmd
Failed to render: /home/aemonge/articles/devops/build/git-revert.qmd
Failed to render: /home/aemonge/articles/devops/build/python.qmd
Failed to render: /home/aemonge/articles/databases/sql/file_io.qmd
Failed to render: /home/aemonge/articles/unix/network/networkless_commands.qmd
Failed to render: /home/aemonge/articles/python/funtools/unpacking_literals.qmd
Failed to render: /home/aemonge/articles/python/funtools/partial.qmd
Failed to render: /home/aemonge/articles/python/fastapi/generic_responses.qmd
Failed to render: /home/aemonge/articles/python/unittest/mock_name_attr.qmd
Failed to render: /home/aemonge/articles/python/asyncio/async.qmd
Failed to render: /home/aemonge/articles/python/numpy/downsampling.qmd
Failed to render: /home/aemonge/articles/python/debug/logging.qmd
Failed to render: /home/aemonge/articles/python/performance/annotations.qmd
Failed to render: /home/aemonge/articles/python/performance/timeit.qmd
Failed to render: /home/aemonge/articles/python/performance/build.qmd
Failed to render: /home/aemonge/articles/python/types/dataclass.qmd
Failed to render: /home/aemonge/articles/python/types/diamond_issue.qmd
Failed to render: /home/aemonge/articles/python/types/down-cast.qmd
